<?xml version="1.0" encoding="UTF-8"?>
<testsuite name="com.eastwoo.WeatherWhisperer.WeatherWhispererApplicationTests" tests="1" skipped="0" failures="0" errors="0" timestamp="2024-01-24T07:14:41" hostname="DESKTOP-42R5GGH" time="0.751">
  <properties/>
  <testcase name="contextLoads()" classname="com.eastwoo.WeatherWhisperer.WeatherWhispererApplicationTests" time="0.751"/>
  <system-out><![CDATA[16:14:35.287 [Test worker] INFO org.springframework.test.context.support.AnnotationConfigContextLoaderUtils -- Could not detect default configuration classes for test class [com.eastwoo.WeatherWhisperer.WeatherWhispererApplicationTests]: WeatherWhispererApplicationTests does not declare any static, non-private, non-final, nested classes annotated with @Configuration.
16:14:35.583 [Test worker] INFO org.springframework.boot.test.context.SpringBootTestContextBootstrapper -- Found @SpringBootConfiguration com.eastwoo.WeatherWhisperer.WeatherWhispererApplication for test class com.eastwoo.WeatherWhisperer.WeatherWhispererApplicationTests

  .   ____          _            __ _ _
 /\\ / ___'_ __ _ _(_)_ __  __ _ \ \ \ \
( ( )\___ | '_ | '_| | '_ \/ _` | \ \ \ \
 \\/  ___)| |_)| | | | | || (_| |  ) ) ) )
  '  |____| .__|_| |_|_| |_\__, | / / / /
 =========|_|==============|___/=/_/_/_/
 :: Spring Boot ::                (v3.2.1)

2024-01-24T16:14:36.476+09:00  INFO 27640 --- [    Test worker] c.e.W.WeatherWhispererApplicationTests   : Starting WeatherWhispererApplicationTests using Java 17.0.7 with PID 27640 (started by dongwoo in C:\Users\dongwoo\Desktop\WeatherWhisperer)
2024-01-24T16:14:36.479+09:00  INFO 27640 --- [    Test worker] c.e.W.WeatherWhispererApplicationTests   : No active profile set, falling back to 1 default profile: "default"
2024-01-24T16:14:37.559+09:00  INFO 27640 --- [    Test worker] .s.d.r.c.RepositoryConfigurationDelegate : Bootstrapping Spring Data JPA repositories in DEFAULT mode.
2024-01-24T16:14:37.605+09:00  INFO 27640 --- [    Test worker] .s.d.r.c.RepositoryConfigurationDelegate : Finished Spring Data repository scanning in 29 ms. Found 0 JPA repository interfaces.
2024-01-24T16:14:38.409+09:00  INFO 27640 --- [    Test worker] com.zaxxer.hikari.HikariDataSource       : HikariPool-1 - Starting...
2024-01-24T16:14:38.772+09:00  INFO 27640 --- [    Test worker] com.zaxxer.hikari.pool.HikariPool        : HikariPool-1 - Added connection conn0: url=jdbc:h2:mem:fe887571-c0c0-490e-9ab4-a0a7cb9ec3f4 user=SA
2024-01-24T16:14:38.775+09:00  INFO 27640 --- [    Test worker] com.zaxxer.hikari.HikariDataSource       : HikariPool-1 - Start completed.
2024-01-24T16:14:38.861+09:00  INFO 27640 --- [    Test worker] o.hibernate.jpa.internal.util.LogHelper  : HHH000204: Processing PersistenceUnitInfo [name: default]
2024-01-24T16:14:38.978+09:00  INFO 27640 --- [    Test worker] org.hibernate.Version                    : HHH000412: Hibernate ORM core version 6.4.1.Final
2024-01-24T16:14:39.062+09:00  INFO 27640 --- [    Test worker] o.h.c.internal.RegionFactoryInitiator    : HHH000026: Second-level cache disabled
2024-01-24T16:14:39.527+09:00  INFO 27640 --- [    Test worker] o.s.o.j.p.SpringPersistenceUnitInfo      : No LoadTimeWeaver setup: ignoring JPA class transformer
2024-01-24T16:14:40.036+09:00  INFO 27640 --- [    Test worker] o.h.e.t.j.p.i.JtaPlatformInitiator       : HHH000489: No JTA platform available (set 'hibernate.transaction.jta.platform' to enable JTA platform integration)
2024-01-24T16:14:40.042+09:00  INFO 27640 --- [    Test worker] j.LocalContainerEntityManagerFactoryBean : Initialized JPA EntityManagerFactory for persistence unit 'default'
2024-01-24T16:14:40.308+09:00  WARN 27640 --- [    Test worker] JpaBaseConfiguration$JpaWebConfiguration : spring.jpa.open-in-view is enabled by default. Therefore, database queries may be performed during view rendering. Explicitly configure spring.jpa.open-in-view to disable this warning
2024-01-24T16:14:40.375+09:00  INFO 27640 --- [    Test worker] o.s.b.a.w.s.WelcomePageHandlerMapping    : Adding welcome page: class path resource [static/index.html]
2024-01-24T16:14:40.893+09:00  WARN 27640 --- [    Test worker] ion$DefaultTemplateResolverConfiguration : Cannot find template location: classpath:/templates/ (please add some templates, check your Thymeleaf configuration, or set spring.thymeleaf.check-template-location=false)
2024-01-24T16:14:41.167+09:00  INFO 27640 --- [    Test worker] c.e.W.WeatherWhispererApplicationTests   : Started WeatherWhispererApplicationTests in 5.18 seconds (process running for 8.386)
]]></system-out>
  <system-err><![CDATA[]]></system-err>
</testsuite>
